
ROM used:   1214/8192 (15%)
            1214/8192 (15%) including unused fragments

            1.3 Average locations per line
            12.6 Average locations per statement

RAM used:   30/368 (8%) at main() level
            57/368 (15%) worst case

Stack used: 5 worst case (3 in main + 2 for interrupts)
Stack size: 8

Lines Stmts  %   Files
----- ----- ---  -----
  116    79  82  BAI 10.c
  810     0   0  D:\Devices\16f887.h
   25    17  18  tv_lcd.c
----- -----
  951    96 Total

Page ROM  %  RAM    Vol Diff  Functions:
---- --- --- ---    --- ----  ----------
0     20   2    1             @delay_ms1
0     15   1    1             @delay_us1
0     33   3    1    119  1.3  lcd_command
0     33   3    1    119  1.3  lcd_data
0     18   1    0     86  1.3  lcd_setup
0     39   3    0    125  2.8  demsp
0      8   1    0             @const725
0     87   7    5             @PSTRINGCN7_710
0     21   2    3             @DIV88
0     53   4    2             @PRINTF_U_710
0     59   5    0    349  4.0  demtimer1
0     13   1    0             @const735
0     60   5    0    364  4.5  demtimer2
0     13   1    0             @const737
0     67   6    0    391  2.3  lm35
0     99   8    9             @PRINTF_LU_710
0    101   8    0    539  2.9  MAIN
0     11   1    0     29  1.2  ngattimer1
0      5   0    0     13  1.0  ngattimer2
0     98   8    2     72  1.8  ngatadc
0     29   2    2             @ITOF
0    202  17   14             @DIVFF
0     31   3    4             @SFTOI
 Inline         0             @cinit1

Program metrics:
    Functions               11
    Statements              96
    Comments                135
    Volume (V)              3597
    Difficulty (D)          24.6
    Effort to implement (E) 88438
    Time to implement (T)   1 hours, 22 minutes
    Est Delivered Bugs (B)  1
    Cyclomatic Complexity   9
    Maintainability (MI)    68

 Segment     Used  Free
-----------  ----  ----
00000-00003     4  0  
00004-00062    95  0  
00063-007FF  1115  834  
00800-00FFF     0  2048  
01000-017FF     0  2048  
01800-01FFF     0  2048  



