
ROM used:   1281/8192 (16%)
            1281/8192 (16%) including unused fragments

            0.9 Average locations per line
            5.0 Average locations per statement

RAM used:   18/368 (5%) at main() level
            34/368 (9%) worst case

Stack used: 5 worst case (5 in main + 0 for interrupts)
Stack size: 8

Lines Stmts  %   Files
----- ----- ---  -----
  162   145  56  BAI 2.c
  810     0   0  ..\..\..\..\..\..\Program Files (x86)\PICC\Devices\16f887.h
  456   100  39  ..\..\..\..\..\..\Program Files (x86)\PICC\Drivers\LCD.c
   15    12   5  tvkey4x4.c
----- -----
 1443   257 Total

Page ROM  %  RAM    Vol Diff  Functions:
---- --- --- ---    --- ----  ----------
0     20   2    1     14  0.8  @delay_ms1
 Inline         3    760  4.5  lcd_read_byte
0     57   4    2    262  3.7  lcd_read_nibble
0     52   4    1    399  2.4  lcd_send_nibble
0    108   8    3    415  3.7  lcd_send_byte
0     86   7    6    852  6.2  lcd_init
0     18   1    4    208  6.3  lcd_gotoxy
0     44   3    1    354  4.7  lcd_putc
0      8   1    0      3  0.0  @const746
 Inline         3    642  7.0  key_4x4
0     14   1    0    106  1.7  @const752
0    143  11    0    813  3.4  matranphim
 Inline         0    218  3.9  datgioihan
 Inline         2    354  2.7  @MUL88
0      8   1    0    354  2.7  @const771
0     87   7    5    354  2.7  @PSTRINGCN7_732
0     21   2    3    354  2.7  @DIV88
0     53   4    2    354  2.7  @PRINTF_U_732
0    224  17    1   1638  5.4  quetled
0    161  13    2    520  6.0  demsp
0     10   1    0    354  2.7  @const783
0     39   3    0    127  3.2  nangsuat
0     10   1    0    399  2.8  @const785
0    104   8    0    399  2.8  MAIN
0     10   1    0             @const789
 Inline         0             @cinit1

Program metrics:
    Functions               24
    Statements              257
    Comments                237
    Volume (V)              18005
    Difficulty (D)          85.9
    Effort to implement (E) 1546811
    Time to implement (T)   23 hours, 52 minutes
    Est Delivered Bugs (B)  4
    Cyclomatic Complexity   31
    Maintainability (MI)    48

 Segment     Used  Free
-----------  ----  ----
00000-00003     4  0  
00004-007FF  1277  767  
00800-00FFF     0  2048  
01000-017FF     0  2048  
01800-01FFF     0  2048  



