
ROM used:   1072/8192 (13%)
            1072/8192 (13%) including unused fragments

            1.1 Average locations per line
            8.0 Average locations per statement

RAM used:   27/368 (7%) at main() level
            39/368 (11%) worst case

Stack used: 3 worst case (3 in main + 0 for interrupts)
Stack size: 8

Lines Stmts  %   Files
----- ----- ---  -----
  158   117  87  BAI 1.c
  810     0   0  ..\..\..\..\..\..\Program Files (x86)\PICC\Devices\16f887.h
   25    17  13  tv_lcd.c
----- -----
  993   134 Total

Page ROM  %  RAM    Vol Diff  Functions:
---- --- --- ---    --- ----  ----------
0     20   2    1             @delay_ms1
0     34   3    1    119  1.3  lcd_command
0     34   3    1    119  1.3  lcd_data
0     16   1    0     86  1.3  lcd_setup
0     14   1    0    256  5.5  @const714
 Inline         7    316  5.6  sangdan
 Inline         7    329  6.1  tatdan
 Inline         7    316  5.6  sangdich
 Inline         7    329  6.1  tatdich
0    376  35    2    697  2.8  hienthi
0      8   1    0             @const729
0     86   8    4    165  1.8  @PSTRINGC7_710
0      8   1    0    165  1.8  @const734
0      9   1    0             @const735
0      8   1    0    489  5.2  @const736
0    170  16    9    860  7.2  nutnhan
0     79   7   13    592  3.8  @DIV3232
0    173  16    9    592  3.8  MAIN
0      8   1    0             @const744
0      8   1    0             @const745
0      9   1    0             @const746
0      8   1    0             @const747
 Inline         0             @cinit1

Program metrics:
    Functions               15
    Statements              134
    Comments                135
    Volume (V)              9128
    Difficulty (D)          58.0
    Effort to implement (E) 529780
    Time to implement (T)   8 hours, 11 minutes
    Est Delivered Bugs (B)  2
    Cyclomatic Complexity   29
    Maintainability (MI)    52

 Segment     Used  Free
-----------  ----  ----
00000-00003     4  0  
00004-007FF  1068  976  
00800-00FFF     0  2048  
01000-017FF     0  2048  
01800-01FFF     0  2048  



