
ROM used:   1154/8192 (14%)
            1154/8192 (14%) including unused fragments

            1.2 Average locations per line
            12.8 Average locations per statement

RAM used:   19/368 (5%) at main() level
            33/368 (9%) worst case

Stack used: 3 worst case (3 in main + 0 for interrupts)
Stack size: 8

Lines Stmts  %   Files
----- ----- ---  -----
  101    73  81  BAI 9.c
  810     0   0  ..\..\..\..\..\..\Program Files (x86)\PICC\Devices\16f887.h
   25    17  19  tv_lcd.c
----- -----
  936    90 Total

Page ROM  %  RAM    Vol Diff  Functions:
---- --- --- ---    --- ----  ----------
0     20   2    1             @delay_ms1
0     15   1    1             @delay_us1
0     33   3    1    119  1.3  lcd_command
0     33   3    1    119  1.3  lcd_data
0     18   2    0     86  1.3  lcd_setup
0     50   4    0    125  2.8  demsp
0     11   1    0             @const723
0     87   8    5             @PSTRINGCN7_710
0     21   2    3             @DIV88
0     53   5    2             @PRINTF_U_710
0     65   6    1    461  4.0  demdongho
0     13   1    0             @const733
0    137  12    1    436  3.2  lm35
0     29   3    2             @ITOF
0    202  18   14             @DIVFF
0     31   3    4             @SFTOI
0     99   9    9    806  4.7  @PRINTF_LU_710
0    132  11    1    806  4.7  MAIN
0      5   0    0    776  4.7  @const749
0     86   7    4             @PSTRINGC7_710
0      5   0    0             @const754
0      5   0    0             @const755
 Inline         0             @cinit1

Program metrics:
    Functions               9
    Statements              90
    Comments                142
    Volume (V)              5658
    Difficulty (D)          27.0
    Effort to implement (E) 152762
    Time to implement (T)   2 hours, 21 minutes
    Est Delivered Bugs (B)  1
    Cyclomatic Complexity   15
    Maintainability (MI)    93

 Segment     Used  Free
-----------  ----  ----
00000-00003     4  0  
00004-007FF  1150  894  
00800-00FFF     0  2048  
01000-017FF     0  2048  
01800-01FFF     0  2048  



