
ROM used:   634/8192 (8%)
            634/8192 (8%) including unused fragments

            0.7 Average locations per line
            14.7 Average locations per statement

RAM used:   19/368 (5%) at main() level
            34/368 (9%) worst case

Stack used: 2 worst case (1 in main + 1 for interrupts)
Stack size: 8

Lines Stmts  %   Files
----- ----- ---  -----
   57    43 100  uart.c
  810     0   0  D:\Devices\16f887.h
----- -----
  867    43 Total

Page ROM  %  RAM    Vol Diff  Functions:
---- --- --- ---    --- ----  ----------
0     20   3    1             @delay_ms1
0     14   2    0             @const711
0    132  21    3    513  2.9  quetled
0     21   3    3     14  0.8  @DIV88
0     37   6    5             @DIV1616
0     29   5    0    100  2.5  demsp
0    238  38    2    106  2.0  lm35
 Inline         2     38  1.6  @ITOF
 Inline        13     38  1.6  @MULFF
 Inline         4             @SFTOI
0     81  13    0    298  2.3  MAIN
0     13   2    0     38  1.6  ngatuart
 Inline         0             @cinit1

Program metrics:
    Functions               8
    Statements              43
    Comments                135
    Volume (V)              1755
    Difficulty (D)          15.8
    Effort to implement (E) 27679
    Time to implement (T)   26 minutes
    Est Delivered Bugs (B)  0
    Cyclomatic Complexity   1
    Maintainability (MI)    120

 Segment     Used  Free
-----------  ----  ----
00000-00003     4  0  
00004-00030    45  0  
00031-007FF   585  1414  
00800-00FFF     0  2048  
01000-017FF     0  2048  
01800-01FFF     0  2048  



