
ROM used:   639/8192 (8%)
            639/8192 (8%) including unused fragments

            0.7 Average locations per line
            13.9 Average locations per statement

RAM used:   20/368 (5%) at main() level
            35/368 (10%) worst case

Stack used: 2 worst case (1 in main + 1 for interrupts)
Stack size: 8

Lines Stmts  %   Files
----- ----- ---  -----
   59    46 100  VDKA.c
  810     0   0  D:\Devices\16f887.h
----- -----
  869    46 Total

Page ROM  %  RAM    Vol Diff  Functions:
---- --- --- ---    --- ----  ----------
0     20   3    1             @delay_ms1
0     14   2    0             @const711
0    132  21    3    513  2.9  quetled
0     21   3    3     14  0.8  @DIV88
0     37   6    5             @DIV1616
0     26   4    0     92  2.9  demsp
0    235  37    2     86  1.9  lm35
 Inline         2     38  1.6  @ITOF
 Inline        13     38  1.6  @MULFF
 Inline         4             @SFTOI
0     82  13    0    298  2.3  MAIN
0     23   4    0    154  3.5  ngatuart
 Inline         0             @cinit1

Program metrics:
    Functions               8
    Statements              46
    Comments                135
    Volume (V)              1899
    Difficulty (D)          17.9
    Effort to implement (E) 34005
    Time to implement (T)   31 minutes
    Est Delivered Bugs (B)  0
    Cyclomatic Complexity   4
    Maintainability (MI)    118

 Segment     Used  Free
-----------  ----  ----
00000-00003     4  0  
00004-00030    45  0  
00031-007FF   590  1409  
00800-00FFF     0  2048  
01000-017FF     0  2048  
01800-01FFF     0  2048  



