CCS PCM C Compiler, Version 5.115, 43599               22-Nov-23 00:02

               Filename:   C:\Users\84859\Desktop\VXL\BAI 12\VDKB.lst

               ROM used:   876 words (11%)
                           Largest free fragment is 2048
               RAM used:   23 (6%) at main() level
                           38 (10%) worst case
               Stack used: 4 locations (3 in main + 1 for interrupts)
               Stack size: 8

*
0000:  MOVLW  03
0001:  MOVWF  0A
0002:  GOTO   31A
0003:  NOP
0004:  MOVWF  7F
0005:  SWAPF  03,W
0006:  CLRF   03
0007:  MOVWF  21
0008:  MOVF   0A,W
0009:  MOVWF  20
000A:  CLRF   0A
000B:  MOVF   04,W
000C:  MOVWF  22
000D:  MOVF   77,W
000E:  MOVWF  23
000F:  MOVF   78,W
0010:  MOVWF  24
0011:  MOVF   79,W
0012:  MOVWF  25
0013:  MOVF   7A,W
0014:  MOVWF  26
0015:  BSF    03.6
0016:  MOVF   0D,W
0017:  BCF    03.6
0018:  MOVWF  27
0019:  BSF    03.6
001A:  MOVF   0F,W
001B:  BCF    03.6
001C:  MOVWF  28
001D:  BSF    03.6
001E:  MOVF   0C,W
001F:  BCF    03.6
0020:  MOVWF  29
0021:  BSF    03.6
0022:  MOVF   0E,W
0023:  BCF    03.6
0024:  MOVWF  2A
0025:  BCF    03.7
0026:  BCF    03.5
0027:  MOVLW  8C
0028:  MOVWF  04
0029:  BTFSS  00.5
002A:  GOTO   02D
002B:  BTFSC  0C.5
002C:  GOTO   04E
002D:  MOVF   22,W
002E:  MOVWF  04
002F:  MOVF   23,W
0030:  MOVWF  77
0031:  MOVF   24,W
0032:  MOVWF  78
0033:  MOVF   25,W
0034:  MOVWF  79
0035:  MOVF   26,W
0036:  MOVWF  7A
0037:  MOVF   27,W
0038:  BSF    03.6
0039:  MOVWF  0D
003A:  BCF    03.6
003B:  MOVF   28,W
003C:  BSF    03.6
003D:  MOVWF  0F
003E:  BCF    03.6
003F:  MOVF   29,W
0040:  BSF    03.6
0041:  MOVWF  0C
0042:  BCF    03.6
0043:  MOVF   2A,W
0044:  BSF    03.6
0045:  MOVWF  0E
0046:  BCF    03.6
0047:  MOVF   20,W
0048:  MOVWF  0A
0049:  SWAPF  21,W
004A:  MOVWF  03
004B:  SWAPF  7F,F
004C:  SWAPF  7F,W
004D:  RETFIE
004E:  BCF    0A.3
004F:  BCF    0A.4
0050:  GOTO   063
.................... #include<16f887.h>
.................... //////////// Standard Header file for the PIC16F887 device ////////////////
.................... ///////////////////////////////////////////////////////////////////////////
.................... ////        (C) Copyright 1996, 2020 Custom Computer Services          ////
.................... //// This source code may only be used by licensed users of the CCS C  ////
.................... //// compiler.  This source code may only be distributed to other      ////
.................... //// licensed users of the CCS C compiler.  No other use, reproduction ////
.................... //// or distribution is permitted without written permission.          ////
.................... //// Derivative programs created using this software in object code    ////
.................... //// form are not restricted in any way.                               ////
.................... ///////////////////////////////////////////////////////////////////////////
.................... #device PIC16F887
0051:  DATA C4,22
0052:  DATA 4D,10
0053:  DATA 53,28
0054:  DATA 3A,10
0055:  DATA 25,18
0056:  DATA B2,3A
0057:  DATA A0,21
0058:  DATA C1,24
0059:  DATA 00,00
005A:  DATA 4E,24
005B:  DATA C9,22
005C:  DATA 54,10
005D:  DATA C4,27
005E:  DATA 3A,10
005F:  DATA 25,18
0060:  DATA 32,36
0061:  DATA 75,10
0062:  DATA 43,00
*
00F2:  MOVLW  8E
00F3:  MOVWF  77
00F4:  MOVF   35,W
00F5:  MOVWF  78
00F6:  MOVF   34,W
00F7:  MOVWF  79
00F8:  CLRF   7A
00F9:  MOVF   78,F
00FA:  BTFSS  03.2
00FB:  GOTO   106
00FC:  MOVF   79,W
00FD:  MOVWF  78
00FE:  CLRF   79
00FF:  MOVLW  08
0100:  SUBWF  77,F
0101:  MOVF   78,F
0102:  BTFSS  03.2
0103:  GOTO   106
0104:  CLRF   77
0105:  GOTO   10E
0106:  BCF    03.0
0107:  BTFSC  78.7
0108:  GOTO   10D
0109:  RLF    79,F
010A:  RLF    78,F
010B:  DECF   77,F
010C:  GOTO   106
010D:  BCF    78.7
*
011E:  MOVF   34,W
011F:  BTFSC  03.2
0120:  GOTO   18E
0121:  MOVWF  3C
0122:  MOVF   38,W
0123:  BTFSC  03.2
0124:  GOTO   18E
0125:  ADDWF  3C,F
0126:  BTFSC  03.0
0127:  GOTO   12F
0128:  MOVLW  7F
0129:  SUBWF  3C,F
012A:  BTFSS  03.0
012B:  GOTO   18E
012C:  BTFSC  03.2
012D:  GOTO   18E
012E:  GOTO   133
012F:  MOVLW  81
0130:  ADDWF  3C,F
0131:  BTFSC  03.0
0132:  GOTO   18E
0133:  MOVF   3C,W
0134:  MOVWF  77
0135:  CLRF   78
0136:  CLRF   79
0137:  CLRF   7A
0138:  MOVF   35,W
0139:  MOVWF  40
013A:  BSF    40.7
013B:  MOVF   36,W
013C:  MOVWF  3F
013D:  MOVF   37,W
013E:  MOVWF  3E
013F:  MOVLW  18
0140:  MOVWF  3C
0141:  CLRF   3D
0142:  BTFSS  3E.0
0143:  GOTO   15C
0144:  MOVF   3B,W
0145:  ADDWF  7A,F
0146:  BTFSS  03.0
0147:  GOTO   14E
0148:  INCF   79,F
0149:  BTFSS  03.2
014A:  GOTO   14E
014B:  INCF   78,F
014C:  BTFSC  03.2
014D:  BSF    3D.7
014E:  MOVF   3A,W
014F:  ADDWF  79,F
0150:  BTFSS  03.0
0151:  GOTO   155
0152:  INCF   78,F
0153:  BTFSC  03.2
0154:  BSF    3D.7
0155:  MOVF   39,W
0156:  MOVWF  36
0157:  BSF    36.7
0158:  MOVF   36,W
0159:  ADDWF  78,F
015A:  BTFSC  03.0
015B:  BSF    3D.7
015C:  RLF    3D,F
015D:  RRF    78,F
015E:  RRF    79,F
015F:  RRF    7A,F
0160:  RRF    40,F
0161:  RRF    3F,F
0162:  RRF    3E,F
0163:  BCF    03.0
0164:  DECFSZ 3C,F
0165:  GOTO   141
0166:  MOVLW  01
0167:  ADDWF  77,F
0168:  BTFSC  03.0
0169:  GOTO   18E
016A:  BTFSC  78.7
016B:  GOTO   173
016C:  RLF    40,F
016D:  RLF    7A,F
016E:  RLF    79,F
016F:  RLF    78,F
0170:  DECF   77,F
0171:  BTFSC  03.2
0172:  GOTO   18E
0173:  BTFSS  40.7
0174:  GOTO   184
0175:  INCF   7A,F
0176:  BTFSS  03.2
0177:  GOTO   184
0178:  INCF   79,F
0179:  BTFSS  03.2
017A:  GOTO   184
017B:  INCF   78,F
017C:  BTFSS  03.2
017D:  GOTO   184
017E:  RRF    78,F
017F:  RRF    79,F
0180:  RRF    7A,F
0181:  INCF   77,F
0182:  BTFSC  03.2
0183:  GOTO   18E
0184:  MOVF   35,W
0185:  MOVWF  3D
0186:  MOVF   39,W
0187:  XORWF  3D,F
0188:  BTFSS  3D.7
0189:  GOTO   18C
018A:  BSF    78.7
018B:  GOTO   192
018C:  BCF    78.7
018D:  GOTO   192
018E:  CLRF   77
018F:  CLRF   78
0190:  CLRF   79
0191:  CLRF   7A
*
019A:  MOVLW  8E
019B:  MOVWF  77
019C:  MOVF   32,W
019D:  SUBWF  77,F
019E:  MOVF   33,W
019F:  MOVWF  79
01A0:  MOVF   34,W
01A1:  MOVWF  78
01A2:  BSF    79.7
01A3:  MOVF   77,F
01A4:  BTFSC  03.2
01A5:  GOTO   1B1
01A6:  BCF    03.0
01A7:  MOVF   79,F
01A8:  BTFSS  03.2
01A9:  GOTO   1AD
01AA:  MOVF   78,F
01AB:  BTFSC  03.2
01AC:  GOTO   1B1
01AD:  RRF    79,F
01AE:  RRF    78,F
01AF:  DECFSZ 77,F
01B0:  GOTO   1A6
01B1:  BTFSS  33.7
01B2:  GOTO   1B8
01B3:  COMF   78,F
01B4:  COMF   79,F
01B5:  INCF   78,F
01B6:  BTFSC  03.2
01B7:  INCF   79,F
*
01DC:  MOVF   0B,W
01DD:  MOVWF  33
01DE:  BCF    0B.7
01DF:  BSF    03.5
01E0:  BSF    03.6
01E1:  BSF    0C.7
01E2:  BSF    0C.0
01E3:  NOP
01E4:  NOP
01E5:  BCF    03.5
01E6:  BCF    03.6
01E7:  BTFSC  33.7
01E8:  BSF    0B.7
01E9:  BTFSC  03.0
01EA:  GOTO   213
01EB:  BSF    03.6
01EC:  MOVF   0C,W
01ED:  ANDLW  7F
01EE:  BCF    03.6
01EF:  MOVWF  33
01F0:  BSF    03.6
01F1:  MOVF   0D,W
01F2:  BCF    03.6
01F3:  MOVWF  34
01F4:  BSF    03.6
01F5:  MOVF   0F,W
01F6:  BCF    03.6
01F7:  MOVWF  35
01F8:  MOVF   33,W
01F9:  MOVWF  3B
01FA:  CALL   1C3
01FB:  MOVF   34,W
01FC:  BSF    03.6
01FD:  MOVWF  0D
01FE:  BCF    03.6
01FF:  MOVF   35,W
0200:  BSF    03.6
0201:  MOVWF  0F
0202:  BCF    03.6
0203:  MOVF   0B,W
0204:  MOVWF  36
0205:  BCF    0B.7
0206:  BSF    03.5
0207:  BSF    03.6
0208:  BSF    0C.7
0209:  BSF    0C.0
020A:  NOP
020B:  NOP
020C:  BCF    03.5
020D:  BCF    03.6
020E:  BTFSC  36.7
020F:  BSF    0B.7
0210:  DECFSZ 32,F
0211:  GOTO   213
0212:  GOTO   232
0213:  BSF    03.6
0214:  RLF    0C,W
0215:  RLF    0E,W
0216:  ANDLW  7F
0217:  BCF    03.6
0218:  MOVWF  33
0219:  BSF    03.6
021A:  MOVF   0D,W
021B:  BCF    03.6
021C:  MOVWF  34
021D:  BSF    03.6
021E:  MOVF   0F,W
021F:  BCF    03.6
0220:  MOVWF  35
0221:  MOVF   33,W
0222:  MOVWF  3B
0223:  CALL   1C3
0224:  MOVF   34,W
0225:  BSF    03.6
0226:  MOVWF  0D
0227:  BCF    03.6
0228:  MOVF   35,W
0229:  BSF    03.6
022A:  MOVWF  0F
022B:  INCF   0D,F
022C:  BTFSC  03.2
022D:  INCF   0F,F
022E:  BCF    03.0
022F:  BCF    03.6
0230:  DECFSZ 32,F
0231:  GOTO   1DC
0232:  RETURN
0233:  MOVF   35,W
0234:  CLRF   78
0235:  SUBWF  34,W
0236:  BTFSC  03.0
0237:  GOTO   23B
0238:  MOVF   34,W
0239:  MOVWF  77
023A:  GOTO   247
023B:  CLRF   77
023C:  MOVLW  08
023D:  MOVWF  36
023E:  RLF    34,F
023F:  RLF    77,F
0240:  MOVF   35,W
0241:  SUBWF  77,W
0242:  BTFSC  03.0
0243:  MOVWF  77
0244:  RLF    78,F
0245:  DECFSZ 36,F
0246:  GOTO   23E
0247:  RETURN
*
0259:  MOVF   32,W
025A:  MOVWF  34
025B:  MOVLW  64
025C:  MOVWF  35
025D:  CALL   233
025E:  MOVF   77,W
025F:  MOVWF  32
0260:  MOVF   78,W
0261:  MOVLW  30
0262:  BTFSS  03.2
0263:  GOTO   26B
0264:  BTFSS  33.1
0265:  GOTO   272
0266:  BTFSC  33.3
0267:  GOTO   272
0268:  BTFSC  33.4
0269:  MOVLW  20
026A:  GOTO   26E
026B:  BCF    33.3
026C:  BCF    33.4
026D:  BSF    33.0
026E:  ADDWF  78,F
026F:  MOVF   78,W
0270:  MOVWF  3B
0271:  CALL   1C3
0272:  MOVF   32,W
0273:  MOVWF  34
0274:  MOVLW  0A
0275:  MOVWF  35
0276:  CALL   233
0277:  MOVF   77,W
0278:  MOVWF  32
0279:  MOVF   78,W
027A:  MOVLW  30
027B:  BTFSS  03.2
027C:  GOTO   283
027D:  BTFSC  33.3
027E:  GOTO   287
027F:  BTFSS  33.0
0280:  GOTO   287
0281:  BTFSC  33.4
0282:  MOVLW  20
0283:  ADDWF  78,F
0284:  MOVF   78,W
0285:  MOVWF  3B
0286:  CALL   1C3
0287:  MOVLW  30
0288:  ADDWF  32,F
0289:  MOVF   32,W
028A:  MOVWF  3B
028B:  CALL   1C3
*
02A9:  CLRF   3A
02AA:  MOVF   04,W
02AB:  MOVWF  39
02AC:  BCF    3A.0
02AD:  BTFSC  03.7
02AE:  BSF    3A.0
02AF:  SWAPF  33,W
02B0:  IORLW  F0
02B1:  MOVWF  35
02B2:  ADDWF  35,F
02B3:  ADDLW  E2
02B4:  MOVWF  36
02B5:  ADDLW  32
02B6:  MOVWF  38
02B7:  MOVF   33,W
02B8:  ANDLW  0F
02B9:  ADDWF  36,F
02BA:  ADDWF  36,F
02BB:  ADDWF  38,F
02BC:  ADDLW  E9
02BD:  MOVWF  37
02BE:  ADDWF  37,F
02BF:  ADDWF  37,F
02C0:  SWAPF  32,W
02C1:  ANDLW  0F
02C2:  ADDWF  37,F
02C3:  ADDWF  38,F
02C4:  RLF    37,F
02C5:  RLF    38,F
02C6:  COMF   38,F
02C7:  RLF    38,F
02C8:  MOVF   32,W
02C9:  ANDLW  0F
02CA:  ADDWF  38,F
02CB:  RLF    35,F
02CC:  MOVLW  07
02CD:  MOVWF  34
02CE:  MOVLW  0A
02CF:  ADDWF  38,F
02D0:  DECF   37,F
02D1:  BTFSS  03.0
02D2:  GOTO   2CF
02D3:  ADDWF  37,F
02D4:  DECF   36,F
02D5:  BTFSS  03.0
02D6:  GOTO   2D3
02D7:  ADDWF  36,F
02D8:  DECF   35,F
02D9:  BTFSS  03.0
02DA:  GOTO   2D7
02DB:  ADDWF  35,F
02DC:  DECF   34,F
02DD:  BTFSS  03.0
02DE:  GOTO   2DB
02DF:  MOVLW  34
02E0:  MOVWF  04
02E1:  BCF    03.7
02E2:  MOVLW  07
02E3:  ANDWF  39,W
02E4:  BCF    39.6
02E5:  ADDWF  04,F
02E6:  MOVLW  38
02E7:  SUBWF  04,W
02E8:  BTFSC  03.2
02E9:  BSF    39.6
02EA:  MOVF   00,W
02EB:  MOVWF  77
02EC:  BTFSS  03.2
02ED:  GOTO   2F6
02EE:  BTFSC  39.6
02EF:  GOTO   2F6
02F0:  BTFSC  39.4
02F1:  GOTO   308
02F2:  BTFSC  39.3
02F3:  GOTO   2F6
02F4:  MOVLW  20
02F5:  GOTO   2F9
02F6:  BSF    39.3
02F7:  BCF    39.4
02F8:  MOVLW  30
02F9:  ADDWF  77,F
02FA:  CLRF   33
02FB:  MOVF   04,W
02FC:  MOVWF  32
02FD:  BCF    33.0
02FE:  BTFSC  03.7
02FF:  BSF    33.0
0300:  MOVF   77,W
0301:  MOVWF  3B
0302:  CALL   1C3
0303:  MOVF   32,W
0304:  MOVWF  04
0305:  BCF    03.7
0306:  BTFSC  33.0
0307:  BSF    03.7
0308:  INCF   04,F
0309:  BTFSS  39.6
030A:  GOTO   2E6
.................... 
.................... #list
.................... 
.................... #device adc = 10
.................... #fuses hs
.................... #use delay(clock=20M)
*
0070:  MOVLW  03
0071:  SUBWF  3C,F
0072:  BTFSS  03.0
0073:  GOTO   07E
0074:  MOVLW  3C
0075:  MOVWF  04
0076:  BCF    03.7
0077:  MOVF   00,W
0078:  BTFSC  03.2
0079:  GOTO   07E
007A:  GOTO   07C
007B:  GOTO   07C
007C:  DECFSZ 00,F
007D:  GOTO   07B
007E:  RETURN
*
0098:  MOVLW  32
0099:  MOVWF  04
009A:  BCF    03.7
009B:  MOVF   00,W
009C:  BTFSC  03.2
009D:  GOTO   0AB
009E:  MOVLW  06
009F:  MOVWF  78
00A0:  CLRF   77
00A1:  DECFSZ 77,F
00A2:  GOTO   0A1
00A3:  DECFSZ 78,F
00A4:  GOTO   0A0
00A5:  MOVLW  7B
00A6:  MOVWF  77
00A7:  DECFSZ 77,F
00A8:  GOTO   0A7
00A9:  DECFSZ 00,F
00AA:  GOTO   09E
00AB:  RETURN
.................... #USE RS232(baud =9600,xmit = pin_c6, rcv = pin_c7)
.................... #define lcd_rs          pin_b5
.................... #define lcd_rw          pin_b6
.................... #define lcd_e           pin_b7
.................... #define output_lcd      output_d
.................... #include<tv_lcd.c>
.................... void lcd_command(int8 a)
.................... {
....................       output_low(lcd_rw);
*
007F:  BSF    03.5
0080:  BCF    06.6
0081:  BCF    03.5
0082:  BCF    06.6
....................       output_low(lcd_rs);
0083:  BSF    03.5
0084:  BCF    06.5
0085:  BCF    03.5
0086:  BCF    06.5
....................       output_lcd(a);
0087:  BSF    03.5
0088:  CLRF   08
0089:  BCF    03.5
008A:  MOVF   32,W
008B:  MOVWF  08
....................       output_high(lcd_e);
008C:  BSF    03.5
008D:  BCF    06.7
008E:  BCF    03.5
008F:  BSF    06.7
....................       output_low(lcd_e);
0090:  BSF    03.5
0091:  BCF    06.7
0092:  BCF    03.5
0093:  BCF    06.7
....................       delay_us(200);
0094:  MOVLW  C8
0095:  MOVWF  3C
0096:  CALL   070
0097:  RETURN
.................... }
.................... void lcd_data(int8 a)
.................... {
....................       output_low(lcd_rw);
*
01C3:  BSF    03.5
01C4:  BCF    06.6
01C5:  BCF    03.5
01C6:  BCF    06.6
....................       output_high(lcd_rs);
01C7:  BSF    03.5
01C8:  BCF    06.5
01C9:  BCF    03.5
01CA:  BSF    06.5
....................       output_lcd(a);
01CB:  BSF    03.5
01CC:  CLRF   08
01CD:  BCF    03.5
01CE:  MOVF   3B,W
01CF:  MOVWF  08
....................       output_high(lcd_e);
01D0:  BSF    03.5
01D1:  BCF    06.7
01D2:  BCF    03.5
01D3:  BSF    06.7
....................       output_low(lcd_e);
01D4:  BSF    03.5
01D5:  BCF    06.7
01D6:  BCF    03.5
01D7:  BCF    06.7
....................       delay_us(200);
01D8:  MOVLW  C8
01D9:  MOVWF  3C
01DA:  CALL   070
01DB:  RETURN
.................... }
.................... void lcd_setup()
.................... {     
....................       lcd_command(0x38); delay_ms(5);
*
00AC:  MOVLW  38
00AD:  MOVWF  32
00AE:  CALL   07F
00AF:  MOVLW  05
00B0:  MOVWF  32
00B1:  CALL   098
....................       lcd_command(0x0c); 
00B2:  MOVLW  0C
00B3:  MOVWF  32
00B4:  CALL   07F
....................       lcd_command(0x01); delay_ms(2);
00B5:  MOVLW  01
00B6:  MOVWF  32
00B7:  CALL   07F
00B8:  MOVLW  02
00B9:  MOVWF  32
00BA:  CALL   098
00BB:  BCF    0A.3
00BC:  BCF    0A.4
00BD:  GOTO   34B (RETURN)
.................... }
.................... 
.................... unsigned int8 kq,nhan;
.................... unsigned int16 kqadc,nhanadc;
.................... 
.................... void demsp()
.................... {
....................    kq=get_timer1();
00BE:  MOVF   0F,W
00BF:  MOVWF  7A
00C0:  MOVF   0E,W
00C1:  MOVWF  77
00C2:  MOVF   0F,W
00C3:  SUBWF  7A,W
00C4:  BTFSS  03.2
00C5:  GOTO   0BE
00C6:  MOVF   77,W
00C7:  MOVWF  2B
....................    if(kq>24) set_timer1(1);
00C8:  MOVF   2B,W
00C9:  SUBLW  18
00CA:  BTFSC  03.0
00CB:  GOTO   0D1
00CC:  CLRF   0E
00CD:  CLRF   0F
00CE:  MOVLW  01
00CF:  MOVWF  0E
00D0:  NOP
....................    putc(kq);
00D1:  MOVF   2B,W
00D2:  BTFSS  0C.4
00D3:  GOTO   0D2
00D4:  MOVWF  19
00D5:  BCF    0A.3
00D6:  BCF    0A.4
00D7:  GOTO   368 (RETURN)
.................... }
.................... void lm35()
.................... {
....................    set_adc_channel(4);
00D8:  MOVLW  10
00D9:  MOVWF  78
00DA:  MOVF   1F,W
00DB:  ANDLW  C3
00DC:  IORWF  78,W
00DD:  MOVWF  1F
....................    delay_ms(1);
00DE:  MOVLW  01
00DF:  MOVWF  32
00E0:  CALL   098
....................    kqadc=read_adc()*0.489;
00E1:  BSF    1F.1
00E2:  BTFSC  1F.1
00E3:  GOTO   0E2
00E4:  MOVF   1E,W
00E5:  MOVWF  79
00E6:  BSF    03.5
00E7:  MOVF   1E,W
00E8:  MOVWF  78
00E9:  MOVF   79,W
00EA:  BCF    03.5
00EB:  MOVWF  33
00EC:  MOVF   78,W
00ED:  MOVWF  32
00EE:  MOVF   33,W
00EF:  MOVWF  35
00F0:  MOVF   32,W
00F1:  MOVWF  34
*
010E:  MOVF   7A,W
010F:  MOVWF  37
0110:  MOVF   79,W
0111:  MOVWF  36
0112:  MOVF   78,W
0113:  MOVWF  35
0114:  MOVF   77,W
0115:  MOVWF  34
0116:  MOVLW  35
0117:  MOVWF  3B
0118:  MOVLW  5E
0119:  MOVWF  3A
011A:  MOVLW  7A
011B:  MOVWF  39
011C:  MOVLW  7D
011D:  MOVWF  38
*
0192:  MOVF   7A,W
0193:  MOVWF  35
0194:  MOVF   79,W
0195:  MOVWF  34
0196:  MOVF   78,W
0197:  MOVWF  33
0198:  MOVF   77,W
0199:  MOVWF  32
*
01B8:  MOVF   79,W
01B9:  MOVWF  2E
01BA:  MOVF   78,W
01BB:  MOVWF  2D
....................    putc(kqadc);
01BC:  MOVF   2D,W
01BD:  BTFSS  0C.4
01BE:  GOTO   1BD
01BF:  MOVWF  19
01C0:  BCF    0A.3
01C1:  BCF    0A.4
01C2:  GOTO   369 (RETURN)
.................... }
.................... void hienthi()
.................... {
....................       lcd_command(0x80);
*
0248:  MOVLW  80
0249:  MOVWF  32
024A:  CALL   07F
....................       printf(lcd_data,"DEM SP: %02u CAI", nhan);
024B:  MOVLW  51
024C:  BSF    03.6
024D:  MOVWF  0D
024E:  MOVLW  00
024F:  MOVWF  0F
0250:  BCF    03.0
0251:  MOVLW  08
0252:  BCF    03.6
0253:  MOVWF  32
0254:  CALL   1DC
0255:  MOVF   2C,W
0256:  MOVWF  32
0257:  MOVLW  01
0258:  MOVWF  33
*
028C:  MOVLW  57
028D:  BSF    03.6
028E:  MOVWF  0D
028F:  MOVLW  00
0290:  MOVWF  0F
0291:  BCF    03.0
0292:  MOVLW  04
0293:  BCF    03.6
0294:  MOVWF  32
0295:  CALL   1DC
....................       lcd_command(0xc0);
0296:  MOVLW  C0
0297:  MOVWF  32
0298:  CALL   07F
....................       printf(lcd_data,"NHIET DO: %02lu C",nhanadc);
0299:  MOVLW  5A
029A:  BSF    03.6
029B:  MOVWF  0D
029C:  MOVLW  00
029D:  MOVWF  0F
029E:  BCF    03.0
029F:  MOVLW  0A
02A0:  BCF    03.6
02A1:  MOVWF  32
02A2:  CALL   1DC
02A3:  MOVLW  0B
02A4:  MOVWF  04
02A5:  MOVF   30,W
02A6:  MOVWF  33
02A7:  MOVF   2F,W
02A8:  MOVWF  32
*
030B:  MOVLW  20
030C:  MOVWF  3B
030D:  CALL   1C3
030E:  MOVLW  43
030F:  MOVWF  3B
0310:  CALL   1C3
....................       lcd_command(0xc0+12);
0311:  MOVLW  CC
0312:  MOVWF  32
0313:  CALL   07F
....................       lcd_data(0xdf);
0314:  MOVLW  DF
0315:  MOVWF  3B
0316:  CALL   1C3
0317:  BCF    0A.3
0318:  BCF    0A.4
0319:  GOTO   36A (RETURN)
.................... }
.................... void main()
031A:  MOVF   03,W
031B:  ANDLW  1F
031C:  MOVWF  03
031D:  BSF    03.5
031E:  BSF    03.6
031F:  BSF    07.3
0320:  MOVLW  08
0321:  BCF    03.6
0322:  MOVWF  19
0323:  MOVLW  02
0324:  MOVWF  1A
0325:  MOVLW  A6
0326:  MOVWF  18
0327:  MOVLW  90
0328:  BCF    03.5
0329:  MOVWF  18
032A:  MOVLW  FF
032B:  MOVWF  31
032C:  BSF    03.5
032D:  BSF    03.6
032E:  MOVF   09,W
032F:  ANDLW  C0
0330:  MOVWF  09
0331:  BCF    03.6
0332:  BCF    1F.4
0333:  BCF    1F.5
0334:  MOVLW  00
0335:  BSF    03.6
0336:  MOVWF  08
0337:  BCF    03.5
0338:  CLRF   07
0339:  CLRF   08
033A:  CLRF   09
033B:  BCF    03.7
.................... {
....................    set_tris_a(0xff);
033C:  MOVLW  FF
033D:  BSF    03.5
033E:  BCF    03.6
033F:  MOVWF  05
....................    set_tris_b(0);
0340:  MOVLW  00
0341:  MOVWF  06
....................    set_tris_c(0x81);
0342:  MOVLW  81
0343:  MOVWF  07
0344:  BCF    03.5
0345:  MOVWF  31
....................    set_tris_d(0);
0346:  MOVLW  00
0347:  BSF    03.5
0348:  MOVWF  08
....................    lcd_setup();
0349:  BCF    03.5
034A:  GOTO   0AC
....................    setup_timer_1(T1_EXTERNAL|T1_DIV_BY_1);
034B:  MOVLW  07
034C:  MOVWF  10
....................    set_timer1(0);
034D:  CLRF   0E
034E:  CLRF   0F
034F:  CLRF   0E
0350:  NOP
....................    setup_adc(ADC_CLOCK_DIV_32);
0351:  BCF    1F.6
0352:  BSF    1F.7
0353:  BSF    03.5
0354:  BSF    1F.7
0355:  BCF    03.5
0356:  BSF    1F.0
....................    setup_adc_ports(san4|vss_vdd);
0357:  BSF    03.5
0358:  BSF    03.6
0359:  MOVF   09,W
035A:  ANDLW  C0
035B:  MOVWF  09
035C:  BCF    03.6
035D:  BCF    1F.4
035E:  BCF    1F.5
035F:  MOVLW  10
0360:  BSF    03.6
0361:  MOVWF  08
....................    enable_interrupts(INT_RDA);
0362:  BCF    03.6
0363:  BSF    0C.5
....................    enable_interrupts(GLOBAL);
0364:  MOVLW  C0
0365:  BCF    03.5
0366:  IORWF  0B,F
....................    while(true)
....................    {  
....................       demsp();
0367:  GOTO   0BE
....................       lm35();
0368:  GOTO   0D8
....................       
....................       
....................       hienthi();
0369:  GOTO   248
036A:  GOTO   367
....................    }
.................... }
.................... #INT_RDA
.................... void ngatuart()
036B:  SLEEP
.................... {
....................    nhan=getc();
*
0063:  BTFSS  0C.5
0064:  GOTO   063
0065:  MOVF   1A,W
0066:  MOVWF  2C
....................    nhanadc = getc();
0067:  BTFSS  0C.5
0068:  GOTO   067
0069:  MOVF   1A,W
006A:  CLRF   30
006B:  MOVWF  2F
.................... 
006C:  BCF    0C.5
006D:  BCF    0A.3
006E:  BCF    0A.4
006F:  GOTO   02D
.................... }

Configuration Fuses:
   Word  1: 2FE2   HS NOWDT PUT MCLR NOPROTECT NOCPD BROWNOUT IESO FCMEN NOLVP NODEBUG
   Word  2: 3FFF   BORV40 NOWRT
