
ROM used:   876/8192 (11%)
            876/8192 (11%) including unused fragments

            1.0 Average locations per line
            17.9 Average locations per statement

RAM used:   23/368 (6%) at main() level
            38/368 (10%) worst case

Stack used: 4 worst case (3 in main + 1 for interrupts)
Stack size: 8

Lines Stmts  %   Files
----- ----- ---  -----
   65    32  65  VDKB.c
  810     0   0  D:\Devices\16f887.h
   25    17  35  tv_lcd.c
----- -----
  900    49 Total

Page ROM  %  RAM    Vol Diff  Functions:
---- --- --- ---    --- ----  ----------
0     20   2    1             @delay_ms1
0     15   2    1             @delay_us1
0     25   3    1    119  1.3  lcd_command
0     25   3    1    119  1.3  lcd_data
0     18   2    0     86  1.3  lcd_setup
0     26   3    0     80  2.4  demsp
0    235  27    2     86  1.9  lm35
 Inline         2     86  1.9  @ITOF
 Inline        13    248  2.3  @MULFF
 Inline         4     38  1.6  @SFTOI
0    210  24    0    167  2.1  hienthi
0      9   1    0    248  2.3  @const729
0     87  10    5     38  1.6  @PSTRINGCN7_712
0     21   2    3     50  2.5  @DIV88
 Inline         2             @PRINTF_U_712
0      9   1    0             @const738
 Inline         9             @PRINTF_LU_712
0     82   9    0    315  2.3  MAIN
0     13   1    0     38  1.6  ngatuart
 Inline         0             @cinit1

Program metrics:
    Functions               14
    Statements              49
    Comments                135
    Volume (V)              3139
    Difficulty (D)          26.4
    Effort to implement (E) 82737
    Time to implement (T)   1 hours, 17 minutes
    Est Delivered Bugs (B)  1
    Cyclomatic Complexity   1
    Maintainability (MI)    73

 Segment     Used  Free
-----------  ----  ----
00000-00003     4  0  
00004-00050    77  0  
00051-007FF   795  1172  
00800-00FFF     0  2048  
01000-017FF     0  2048  
01800-01FFF     0  2048  



