
ROM used:   742/8192 (9%)
            742/8192 (9%) including unused fragments

            0.8 Average locations per line
            7.1 Average locations per statement

RAM used:   15/368 (4%) at main() level
            21/368 (6%) worst case

Stack used: 3 worst case (3 in main + 0 for interrupts)
Stack size: 8

Lines Stmts  %   Files
----- ----- ---  -----
  123    88  84  timer counter.c
  810     0   0  ..\..\..\..\..\..\Program Files (x86)\PICC\Devices\16f887.h
   25    17  16  tv_lcd.c
----- -----
  958   105 Total

Page ROM  %  RAM    Vol Diff  Functions:
---- --- --- ---    --- ----  ----------
0     20   3    1             @delay_ms1
0     15   2    1             @delay_us1
0     33   4    1    119  1.3  lcd_command
0     33   4    1    119  1.3  lcd_data
0     18   2    0     86  1.3  lcd_setup
0     32   4    0    125  2.8  demsp
0      9   1    0             @const722
0     87  12    5             @PSTRINGCN7_710
0     21   3    3             @DIV88
0     53   7    2             @PRINTF_U_710
0     55   7    1    277  4.4  nutnhan
0      7   1    0             @const732
0    138  19    1   1201  4.8  demdongho
0     13   2    0             @const734
0     97  13    0    426  2.8  MAIN
0     11   1    0             @const738
0     88  12    4             @PSTRINGC7_710
0      8   1    0             @const743
 Inline         0             @cinit1

Program metrics:
    Functions               7
    Statements              105
    Comments                136
    Volume (V)              3387
    Difficulty (D)          18.0
    Effort to implement (E) 61066
    Time to implement (T)   57 minutes
    Est Delivered Bugs (B)  1
    Cyclomatic Complexity   19
    Maintainability (MI)    120

 Segment     Used  Free
-----------  ----  ----
00000-00003     4  0  
00004-007FF   738  1306  
00800-00FFF     0  2048  
01000-017FF     0  2048  
01800-01FFF     0  2048  



