
ROM used:   1479/8192 (18%)
            1479/8192 (18%) including unused fragments

            1.0 Average locations per line
            5.8 Average locations per statement

RAM used:   20/368 (5%) at main() level
            45/368 (12%) worst case

Stack used: 5 worst case (5 in main + 0 for interrupts)
Stack size: 8

Lines Stmts  %   Files
----- ----- ---  -----
  163   145  56  BAI2.c
  810     0   0  ..\..\..\..\..\..\Program Files (x86)\PICC\Devices\16f887.h
   15    12   5  tvkey4x4.c
  456   100  39  ..\..\..\..\..\..\Program Files (x86)\PICC\Drivers\LCD.c
----- -----
 1444   257 Total

Page ROM  %  RAM    Vol Diff  Functions:
---- --- --- ---    --- ----  ----------
0     20   1    1             @delay_ms1
0      8   1    0             @const709
 Inline         3    644  6.9  key_4x4
 Inline         3    760  4.5  lcd_read_byte
0     57   4    2    262  3.7  lcd_read_nibble
0     52   4    1    399  2.4  lcd_send_nibble
0    108   7    3    415  3.7  lcd_send_byte
0     86   6    6    852  6.2  lcd_init
0     18   1    4    208  6.3  lcd_gotoxy
0     44   3    1    354  4.7  lcd_putc
0     14   1    0             @const752
0    143  10    0    813  3.4  matranphim
0     39   3    0    218  3.9  datgioihan
0     37   3    2             @MUL88
0      8   1    0             @const770
0     87   6    5             @PSTRINGCN7_738
0     21   1    3             @DIV88
0     53   4    2             @PRINTF_U_738
0    222  15    1   1605  5.4  quetled
0     88   6    2    465  5.5  demsp
0     10   1    0             @const782
0    159  11    1    234  5.2  nangsuat
0     11   1    0    431  2.8  @const784
0     79   5   13    423  2.8  @DIV3232
 Inline        12             @PRINTF_L32U_738
0    103   7    0    431  2.8  MAIN
0      8   1    0             @const793
 Inline         0             @cinit1

Program metrics:
    Functions               16
    Statements              257
    Comments                237
    Volume (V)              14139
    Difficulty (D)          68.8
    Effort to implement (E) 972811
    Time to implement (T)   15 hours, 1 minutes
    Est Delivered Bugs (B)  3
    Cyclomatic Complexity   32
    Maintainability (MI)    75

 Segment     Used  Free
-----------  ----  ----
00000-00003     4  0  
00004-007FF  1475  569  
00800-00FFF     0  2048  
01000-017FF     0  2048  
01800-01FFF     0  2048  



