
ROM used:   651/8192 (8%)
            651/8192 (8%) including unused fragments

            0.7 Average locations per line
            7.5 Average locations per statement

RAM used:   19/368 (5%) at main() level
            24/368 (7%) worst case

Stack used: 2 worst case (2 in main + 0 for interrupts)
Stack size: 8

Lines Stmts  %   Files
----- ----- ---  -----
  101    70  80  ON GK.c
  810     0   0  ..\..\..\..\..\..\Program Files (x86)\PICC\Devices\16f887.h
   25    17  20  tv_lcd.c
----- -----
  936    87 Total

Page ROM  %  RAM    Vol Diff  Functions:
---- --- --- ---    --- ----  ----------
0     20   3    1             @delay_ms1
0     34   5    1    119  1.3  lcd_command
0     34   5    1    119  1.3  lcd_data
 Inline         0     86  1.3  lcd_setup
0    108  17    0     45  0.9  hienthi
0      8   1    0             @const722
 Inline         4             @PSTRINGC7_710
 Inline         6     99  3.0  sangled
0     87  13    0    181  3.4  demsp
0      7   1    0   1171  5.8  @const730
0     87  13    5    370  3.7  @PSTRINGCN7_710
0     21   3    3             @DIV88
0     53   8    2             @PRINTF_U_710
0     73  11    1    497  4.2  donghoso
0    115  18    1    765  4.8  MAIN
 Inline         0             @cinit1

Program metrics:
    Functions               10
    Statements              87
    Comments                136
    Volume (V)              5248
    Difficulty (D)          29.6
    Effort to implement (E) 155511
    Time to implement (T)   2 hours, 24 minutes
    Est Delivered Bugs (B)  1
    Cyclomatic Complexity   21
    Maintainability (MI)    76

 Segment     Used  Free
-----------  ----  ----
00000-00003     4  0  
00004-007FF   647  1397  
00800-00FFF     0  2048  
01000-017FF     0  2048  
01800-01FFF     0  2048  



