
ROM used:   1009/8192 (12%)
            1009/8192 (12%) including unused fragments

            1.1 Average locations per line
            14.6 Average locations per statement

RAM used:   27/368 (7%) at main() level
            42/368 (11%) worst case

Stack used: 4 worst case (3 in main + 1 for interrupts)
Stack size: 8

Lines Stmts  %   Files
----- ----- ---  -----
   73    52  75  UART_VDKB.c
  810     0   0  D:\Devices\16f887.h
   25    17  25  tv_lcd.c
----- -----
  908    69 Total

Page ROM  %  RAM    Vol Diff  Functions:
---- --- --- ---    --- ----  ----------
0     20   2    1             @delay_ms1
0     15   1    1             @delay_us1
0     25   2    1    119  1.3  lcd_command
0     25   2    1    119  1.3  lcd_data
0     18   2    0     86  1.3  lcd_setup
0     26   3    0     80  2.4  demsp
0    235  23    2     86  1.9  lm35
 Inline         2             @ITOF
 Inline        13    513  2.9  @MULFF
 Inline         4             @SFTOI
0    210  21    0    167  2.1  hienthi
0      9   1    0    547  4.3  @const732
0     87   9    5    154  3.5  @PSTRINGCN7_719
0     21   2    3             @DIV88
 Inline         2             @PRINTF_U_719
0      9   1    0             @const741
 Inline         9             @PRINTF_LU_719
0    197  20    0    798  6.3  MAIN
0     31   3    0    209  3.6  ngatuart
 Inline         0             @cinit1

Program metrics:
    Functions               11
    Statements              69
    Comments                135
    Volume (V)              4624
    Difficulty (D)          30.4
    Effort to implement (E) 140605
    Time to implement (T)   2 hours, 10 minutes
    Est Delivered Bugs (B)  1
    Cyclomatic Complexity   14
    Maintainability (MI)    72

 Segment     Used  Free
-----------  ----  ----
00000-00003     4  0  
00004-00050    77  0  
00051-007FF   928  1039  
00800-00FFF     0  2048  
01000-017FF     0  2048  
01800-01FFF     0  2048  



